<?xml version="1.0" encoding="UTF-8"?>
<testsuite name="de.tomgrill.gdxtesting.menuTests.MainMenuTest" tests="1" skipped="0" failures="0" errors="0" timestamp="2021-04-19T17:53:07" hostname="DESKTOP-857QDNP" time="0.004">
  <properties/>
  <testcase name="testMainMenuButtons" classname="de.tomgrill.gdxtesting.menuTests.MainMenuTest" time="0.004"/>
  <system-out><![CDATA[]]></system-out>
  <system-err><![CDATA[]]></system-err>
</testsuite>
