<?xml version="1.0" encoding="UTF-8"?>
<testsuite name="de.tomgrill.gdxtesting.examples.AssetExistsExampleTest" tests="1" skipped="0" failures="0" errors="0" timestamp="2021-04-19T17:53:07" hostname="DESKTOP-857QDNP" time="0.003">
  <properties/>
  <testcase name="badlogicLogoFileNotExists" classname="de.tomgrill.gdxtesting.examples.AssetExistsExampleTest" time="0.003"/>
  <system-out><![CDATA[]]></system-out>
  <system-err><![CDATA[]]></system-err>
</testsuite>
